<?xml version="1.0" encoding="UTF-8"?>
<robot generator="Robot 4.1.2 (Python 3.7.5 on darwin)" generated="20211217 23:52:48.930" rpa="false" schemaversion="2">
<suite id="s1" name="Tasks" source="/Users/ba35660/Downloads/vfs-ca/tasks.robot">
<test id="s1-t1" name="robotframework-testing_selenium">
<kw name="Run Keywords" library="BuiltIn" type="SETUP">
<arg>Open Browser</arg>
<arg>https://visa.vfsglobal.com/ind/en/can/book-an-appointment</arg>
<arg>${BROWSER}</arg>
<arg>AND</arg>
<arg>Set Selenium Speed</arg>
<arg>${SELSPEED}</arg>
<doc>Executes all the given keywords in a sequence.</doc>
<kw name="Open Browser" library="SeleniumLibrary">
<arg>https://visa.vfsglobal.com/ind/en/can/book-an-appointment</arg>
<arg>${BROWSER}</arg>
<doc>Opens a new browser instance to the optional ``url``.</doc>
<msg timestamp="20211217 23:52:49.420" level="INFO">Opening browser 'chrome' to base url 'https://visa.vfsglobal.com/ind/en/can/book-an-appointment'.</msg>
<status status="PASS" starttime="20211217 23:52:49.419" endtime="20211217 23:53:09.062"/>
</kw>
<kw name="Set Selenium Speed" library="SeleniumLibrary">
<arg>${SELSPEED}</arg>
<doc>Sets the delay that is waited after each Selenium command.</doc>
<status status="PASS" starttime="20211217 23:53:09.062" endtime="20211217 23:53:09.062"/>
</kw>
<status status="PASS" starttime="20211217 23:52:49.418" endtime="20211217 23:53:09.062"/>
</kw>
<kw name="Wait Until Page Contains" library="SeleniumLibrary">
<arg>Online</arg>
<arg>30</arg>
<doc>Waits until ``text`` appears on the current page.</doc>
<status status="PASS" starttime="20211217 23:53:09.063" endtime="20211217 23:53:09.191"/>
</kw>
<kw name="Sleep" library="BuiltIn">
<arg>3.5sec</arg>
<doc>Pauses the test executed for the given time.</doc>
<msg timestamp="20211217 23:53:12.692" level="INFO">Slept 3 seconds 500 milliseconds</msg>
<status status="PASS" starttime="20211217 23:53:09.192" endtime="20211217 23:53:12.692"/>
</kw>
<kw name="Scroll Element Into View" library="SeleniumLibrary">
<arg>xpath=(//*[@id="__layout"]/div/main/div/div/div[4]/div[1]/div/div[1]/div[1]/div/div[2]/span)</arg>
<doc>Scrolls the element identified by ``locator`` into view.</doc>
<status status="PASS" starttime="20211217 23:53:12.693" endtime="20211217 23:53:13.185"/>
</kw>
<kw name="Run Keyword And Ignore Error" library="BuiltIn">
<arg>click</arg>
<arg>xpath=//*[@id="onetrust-close-btn-container"]/button</arg>
<doc>Runs the given keyword with the given arguments and ignores possible error.</doc>
<kw name="click">
<arg>xpath=//*[@id="onetrust-close-btn-container"]/button</arg>
<kw name="Click Element" library="SeleniumLibrary">
<arg>${element}</arg>
<doc>Click the element identified by ``locator``.</doc>
<msg timestamp="20211217 23:53:13.187" level="INFO">Clicking element 'xpath=//*[@id="onetrust-close-btn-container"]/button'.</msg>
<status status="PASS" starttime="20211217 23:53:13.186" endtime="20211217 23:53:13.447"/>
</kw>
<status status="PASS" starttime="20211217 23:53:13.186" endtime="20211217 23:53:13.447"/>
</kw>
<status status="PASS" starttime="20211217 23:53:13.186" endtime="20211217 23:53:13.447"/>
</kw>
<kw name="click">
<arg>xpath=//*[@id="__layout"]/div/main/div/div/div[4]/div[1]/div/div[1]/div[2]</arg>
<kw name="Click Element" library="SeleniumLibrary">
<arg>${element}</arg>
<doc>Click the element identified by ``locator``.</doc>
<msg timestamp="20211217 23:53:13.448" level="INFO">Clicking element 'xpath=//*[@id="__layout"]/div/main/div/div/div[4]/div[1]/div/div[1]/div[2]'.</msg>
<kw name="Capture Page Screenshot" library="SeleniumLibrary">
<doc>Takes a screenshot of the current page and embeds it into a log file.</doc>
<msg timestamp="20211217 23:53:14.997" level="INFO" html="true">&lt;/td&gt;&lt;/tr&gt;&lt;tr&gt;&lt;td colspan="3"&gt;&lt;a href="selenium-screenshot-164.png"&gt;&lt;img src="selenium-screenshot-164.png" width="800px"&gt;&lt;/a&gt;</msg>
<status status="PASS" starttime="20211217 23:53:14.615" endtime="20211217 23:53:14.997"/>
</kw>
<msg timestamp="20211217 23:53:15.001" level="FAIL">ElementClickInterceptedException: Message: element click intercepted: Element &lt;div data-v-5f6b366c="" class="viewmore collapsed" aria-controls="colap0" aria-expanded="false" role="button"&gt;...&lt;/div&gt; is not clickable at point (1116, 792). Other element would receive the click: &lt;div data-v-5f6b366c="" class="viewmore collapsed" aria-controls="colap1" aria-expanded="false" role="button"&gt;...&lt;/div&gt;
  (Session info: chrome=96.0.4664.110)
</msg>
<status status="FAIL" starttime="20211217 23:53:13.448" endtime="20211217 23:53:15.001"/>
</kw>
<status status="FAIL" starttime="20211217 23:53:13.448" endtime="20211217 23:53:15.001"/>
</kw>
<kw name="click">
<arg>link=click here</arg>
<status status="NOT RUN" starttime="20211217 23:53:15.002" endtime="20211217 23:53:15.002"/>
</kw>
<kw name="selectWindow">
<arg>1</arg>
<status status="NOT RUN" starttime="20211217 23:53:15.002" endtime="20211217 23:53:15.002"/>
</kw>
<kw name="click">
<arg>id=EmailId</arg>
<status status="NOT RUN" starttime="20211217 23:53:15.002" endtime="20211217 23:53:15.002"/>
</kw>
<kw name="Wait Until Page Contains" library="SeleniumLibrary">
<arg>Email</arg>
<arg>30</arg>
<doc>Waits until ``text`` appears on the current page.</doc>
<status status="NOT RUN" starttime="20211217 23:53:15.003" endtime="20211217 23:53:15.003"/>
</kw>
<kw name="type">
<arg>id=EmailId</arg>
<arg>way2itechfdk@gmail.com</arg>
<status status="NOT RUN" starttime="20211217 23:53:15.003" endtime="20211217 23:53:15.003"/>
</kw>
<kw name="click">
<arg>id=Password</arg>
<status status="NOT RUN" starttime="20211217 23:53:15.003" endtime="20211217 23:53:15.003"/>
</kw>
<kw name="type">
<arg>id=Password</arg>
<arg>Aman29april@</arg>
<status status="NOT RUN" starttime="20211217 23:53:15.003" endtime="20211217 23:53:15.003"/>
</kw>
<kw name="Select Frame" library="SeleniumLibrary">
<arg>xpath=//*[@id="ApplicantListForm"]/div[3]/div/div/iframe</arg>
<doc>Sets frame identified by ``locator`` as the current frame.</doc>
<status status="NOT RUN" starttime="20211217 23:53:15.004" endtime="20211217 23:53:15.004"/>
</kw>
<kw name="Run Keyword And Ignore Error" library="BuiltIn">
<arg>Wait Until Page Contains</arg>
<arg>Element div[@class="recaptcha-checkbox-checkmark"]</arg>
<arg>25</arg>
<doc>Runs the given keyword with the given arguments and ignores possible error.</doc>
<status status="NOT RUN" starttime="20211217 23:53:15.004" endtime="20211217 23:53:15.004"/>
</kw>
<kw name="Unselect Frame" library="SeleniumLibrary">
<doc>Sets the main frame as the current frame.</doc>
<status status="NOT RUN" starttime="20211217 23:53:15.004" endtime="20211217 23:53:15.004"/>
</kw>
<kw name="click">
<arg>xpath=//input[@value='Continue']</arg>
<status status="NOT RUN" starttime="20211217 23:53:15.004" endtime="20211217 23:53:15.004"/>
</kw>
<kw name="click">
<arg>link=Schedule Appointment</arg>
<status status="NOT RUN" starttime="20211217 23:53:15.005" endtime="20211217 23:53:15.005"/>
</kw>
<kw name="click">
<arg>id=LocationId</arg>
<status status="NOT RUN" starttime="20211217 23:53:15.005" endtime="20211217 23:53:15.005"/>
</kw>
<kw name="select">
<arg>id=LocationId</arg>
<arg>Canada Visa Application Center - Ahmedabad</arg>
<status status="NOT RUN" starttime="20211217 23:53:15.005" endtime="20211217 23:53:15.005"/>
</kw>
<kw name="click">
<arg>id=NoOfApplicantId</arg>
<status status="NOT RUN" starttime="20211217 23:53:15.006" endtime="20211217 23:53:15.006"/>
</kw>
<kw name="select">
<arg>id=NoOfApplicantId</arg>
<arg>${NUM_APPLICANTS}</arg>
<status status="NOT RUN" starttime="20211217 23:53:15.006" endtime="20211217 23:53:15.006"/>
</kw>
<kw name="click">
<arg>id=VisaCategoryId</arg>
<status status="NOT RUN" starttime="20211217 23:53:15.006" endtime="20211217 23:53:15.006"/>
</kw>
<kw name="select">
<arg>id=VisaCategoryId</arg>
<arg>Biometric Enrolment</arg>
<status status="NOT RUN" starttime="20211217 23:53:15.007" endtime="20211217 23:53:15.007"/>
</kw>
<kw name="click">
<arg>xpath=//form[@id='VisaApplicationForm']/div/div[2]</arg>
<status status="NOT RUN" starttime="20211217 23:53:15.007" endtime="20211217 23:53:15.007"/>
</kw>
<kw name="click">
<arg>id=IAgree</arg>
<status status="NOT RUN" starttime="20211217 23:53:15.007" endtime="20211217 23:53:15.007"/>
</kw>
<kw name="click">
<arg>id=btnContinue</arg>
<status status="NOT RUN" starttime="20211217 23:53:15.008" endtime="20211217 23:53:15.008"/>
</kw>
<kw name="click">
<arg>link=Add Applicant</arg>
<status status="NOT RUN" starttime="20211217 23:53:15.008" endtime="20211217 23:53:15.008"/>
</kw>
<kw name="click">
<arg>id=DateOfBirth</arg>
<status status="NOT RUN" starttime="20211217 23:53:15.009" endtime="20211217 23:53:15.009"/>
</kw>
<kw name="type">
<arg>id=DateOfBirth</arg>
<arg>1992-04-29</arg>
<status status="NOT RUN" starttime="20211217 23:53:15.009" endtime="20211217 23:53:15.009"/>
</kw>
<kw name="click">
<arg>id=FirstName</arg>
<status status="NOT RUN" starttime="20211217 23:53:15.009" endtime="20211217 23:53:15.009"/>
</kw>
<kw name="click">
<arg>id=FirstName</arg>
<status status="NOT RUN" starttime="20211217 23:53:15.010" endtime="20211217 23:53:15.010"/>
</kw>
<kw name="type">
<arg>id=FirstName</arg>
<arg>AMAN KUMAR</arg>
<status status="NOT RUN" starttime="20211217 23:53:15.010" endtime="20211217 23:53:15.010"/>
</kw>
<kw name="click">
<arg>id=LastName</arg>
<status status="NOT RUN" starttime="20211217 23:53:15.010" endtime="20211217 23:53:15.010"/>
</kw>
<kw name="doubleClick">
<arg>id=LastName</arg>
<status status="NOT RUN" starttime="20211217 23:53:15.011" endtime="20211217 23:53:15.011"/>
</kw>
<kw name="type">
<arg>id=LastName</arg>
<arg>AMAN KUMAR</arg>
<status status="NOT RUN" starttime="20211217 23:53:15.011" endtime="20211217 23:53:15.011"/>
</kw>
<kw name="click">
<arg>id=DialCode</arg>
<status status="NOT RUN" starttime="20211217 23:53:15.012" endtime="20211217 23:53:15.012"/>
</kw>
<kw name="type">
<arg>id=DialCode</arg>
<arg>${COUNTRY_CODE}</arg>
<status status="NOT RUN" starttime="20211217 23:53:15.012" endtime="20211217 23:53:15.012"/>
</kw>
<kw name="click">
<arg>id=Mobile</arg>
<status status="NOT RUN" starttime="20211217 23:53:15.013" endtime="20211217 23:53:15.013"/>
</kw>
<kw name="type">
<arg>id=Mobile</arg>
<arg>${MOBILE}</arg>
<status status="NOT RUN" starttime="20211217 23:53:15.013" endtime="20211217 23:53:15.014"/>
</kw>
<kw name="doubleClick">
<arg>id=validateEmailId</arg>
<status status="NOT RUN" starttime="20211217 23:53:15.014" endtime="20211217 23:53:15.014"/>
</kw>
<kw name="click">
<arg>id=validateEmailId</arg>
<status status="NOT RUN" starttime="20211217 23:53:15.014" endtime="20211217 23:53:15.014"/>
</kw>
<kw name="type">
<arg>id=validateEmailId</arg>
<arg>aman29april@gmail.com</arg>
<status status="NOT RUN" starttime="20211217 23:53:15.015" endtime="20211217 23:53:15.015"/>
</kw>
<kw name="Unselect Frame" library="SeleniumLibrary">
<doc>Sets the main frame as the current frame.</doc>
<status status="NOT RUN" starttime="20211217 23:53:15.015" endtime="20211217 23:53:15.015"/>
</kw>
<kw name="click">
<arg>xpath=(.//*[normalize-space(text()) and normalize-space(.)='Retrieve Incomplete Appointments'])[1]/following::div[1]</arg>
<status status="NOT RUN" starttime="20211217 23:53:15.016" endtime="20211217 23:53:15.016"/>
</kw>
<kw name="click">
<arg>id=submitbuttonId</arg>
<status status="NOT RUN" starttime="20211217 23:53:15.016" endtime="20211217 23:53:15.016"/>
</kw>
<kw name="chooseOkOnNextConfirmation">
<status status="NOT RUN" starttime="20211217 23:53:15.017" endtime="20211217 23:53:15.017"/>
</kw>
<if>
<branch type="IF" condition="${NUM_APPLICANTS} == 2">
<kw name="click">
<arg>link=Add Applicant</arg>
<status status="NOT RUN" starttime="20211217 23:53:15.017" endtime="20211217 23:53:15.017"/>
</kw>
<kw name="type">
<arg>id=DateOfBirth</arg>
<arg>1993-01-18</arg>
<status status="NOT RUN" starttime="20211217 23:53:15.017" endtime="20211217 23:53:15.017"/>
</kw>
<kw name="click">
<arg>id=FirstName</arg>
<status status="NOT RUN" starttime="20211217 23:53:15.017" endtime="20211217 23:53:15.017"/>
</kw>
<kw name="doubleClick">
<arg>id=FirstName</arg>
<status status="NOT RUN" starttime="20211217 23:53:15.017" endtime="20211217 23:53:15.017"/>
</kw>
<kw name="type">
<arg>id=FirstName</arg>
<arg>PAYAL</arg>
<status status="NOT RUN" starttime="20211217 23:53:15.018" endtime="20211217 23:53:15.018"/>
</kw>
<kw name="click">
<arg>id=LastName</arg>
<status status="NOT RUN" starttime="20211217 23:53:15.018" endtime="20211217 23:53:15.018"/>
</kw>
<kw name="type">
<arg>id=LastName</arg>
<arg>GOEL</arg>
<status status="NOT RUN" starttime="20211217 23:53:15.018" endtime="20211217 23:53:15.018"/>
</kw>
<kw name="click">
<arg>id=DialCode</arg>
<status status="NOT RUN" starttime="20211217 23:53:15.018" endtime="20211217 23:53:15.018"/>
</kw>
<kw name="type">
<arg>id=DialCode</arg>
<arg>${COUNTRY_CODE}</arg>
<status status="NOT RUN" starttime="20211217 23:53:15.018" endtime="20211217 23:53:15.018"/>
</kw>
<kw name="click">
<arg>id=Mobile</arg>
<status status="NOT RUN" starttime="20211217 23:53:15.018" endtime="20211217 23:53:15.018"/>
</kw>
<kw name="type">
<arg>id=Mobile</arg>
<arg>${MOBILE}</arg>
<status status="NOT RUN" starttime="20211217 23:53:15.018" endtime="20211217 23:53:15.018"/>
</kw>
<kw name="click">
<arg>id=validateEmailId</arg>
<status status="NOT RUN" starttime="20211217 23:53:15.018" endtime="20211217 23:53:15.018"/>
</kw>
<kw name="type">
<arg>id=validateEmailId</arg>
<arg>payal.capricorn17@gmail.com</arg>
<status status="NOT RUN" starttime="20211217 23:53:15.019" endtime="20211217 23:53:15.019"/>
</kw>
<kw name="Unselect Frame" library="SeleniumLibrary">
<doc>Sets the main frame as the current frame.</doc>
<status status="NOT RUN" starttime="20211217 23:53:15.019" endtime="20211217 23:53:15.019"/>
</kw>
<kw name="click">
<arg>id=submitbuttonId</arg>
<status status="NOT RUN" starttime="20211217 23:53:15.019" endtime="20211217 23:53:15.019"/>
</kw>
<kw name="chooseOkOnNextConfirmation">
<status status="NOT RUN" starttime="20211217 23:53:15.019" endtime="20211217 23:53:15.019"/>
</kw>
<status status="NOT RUN" starttime="20211217 23:53:15.017" endtime="20211217 23:53:15.019"/>
</branch>
<status status="NOT RUN" starttime="20211217 23:53:15.017" endtime="20211217 23:53:15.019"/>
</if>
<kw name="click">
<arg>xpath=//input[@value='Send One-time Password (OTP)']</arg>
<status status="NOT RUN" starttime="20211217 23:53:15.019" endtime="20211217 23:53:15.019"/>
</kw>
<kw name="Sleep" library="BuiltIn">
<arg>240</arg>
<doc>Pauses the test executed for the given time.</doc>
<status status="NOT RUN" starttime="20211217 23:53:15.020" endtime="20211217 23:53:15.020"/>
</kw>
<kw name="Run Keyword And Ignore Error" library="BuiltIn">
<arg>Wait Until Page Contains</arg>
<arg>Element xpath=//*[@id="inline-popups"]/form</arg>
<arg>60</arg>
<doc>Runs the given keyword with the given arguments and ignores possible error.</doc>
<status status="NOT RUN" starttime="20211217 23:53:15.021" endtime="20211217 23:53:15.021"/>
</kw>
<kw name="Close Browser" library="SeleniumLibrary" type="TEARDOWN">
<doc>Closes the current browser.</doc>
<status status="PASS" starttime="20211217 23:53:15.022" endtime="20211217 23:53:15.188"/>
</kw>
<status status="FAIL" starttime="20211217 23:52:49.417" endtime="20211217 23:53:15.188">ElementClickInterceptedException: Message: element click intercepted: Element &lt;div data-v-5f6b366c="" class="viewmore collapsed" aria-controls="colap0" aria-expanded="false" role="button"&gt;...&lt;/div&gt; is not clickable at point (1116, 792). Other element would receive the click: &lt;div data-v-5f6b366c="" class="viewmore collapsed" aria-controls="colap1" aria-expanded="false" role="button"&gt;...&lt;/div&gt;
  (Session info: chrome=96.0.4664.110)
</status>
</test>
<status status="FAIL" starttime="20211217 23:52:48.932" endtime="20211217 23:53:15.190"/>
</suite>
<statistics>
<total>
<stat pass="0" fail="1" skip="0">All Tests</stat>
</total>
<tag>
</tag>
<suite>
<stat pass="0" fail="1" skip="0" id="s1" name="Tasks">Tasks</stat>
</suite>
</statistics>
<errors>
</errors>
</robot>
